SF:lib\src\authentication_repository.dart
DA:16,1
DA:23,0
DA:25,0
DA:29,0
DA:33,0
DA:37,0
DA:41,0
DA:60,1
DA:66,0
DA:68,0
DA:72,0
DA:76,0
DA:80,0
DA:99,1
DA:105,0
DA:107,0
DA:111,0
DA:115,0
DA:119,0
DA:123,0
DA:127,0
DA:131,0
DA:135,0
DA:156,1
DA:160,1
DA:161,1
DA:162,1
DA:183,1
DA:184,4
DA:185,1
DA:186,2
DA:193,1
DA:194,2
DA:200,1
DA:202,3
DA:206,1
DA:207,0
DA:216,1
DA:219,1
DA:220,1
DA:221,3
DA:224,1
DA:226,3
DA:227,2
DA:228,1
DA:229,1
DA:230,1
DA:234,3
DA:235,1
DA:236,0
DA:245,1
DA:250,3
DA:254,1
DA:255,0
DA:265,1
DA:267,3
DA:268,2
DA:269,2
DA:272,1
DA:278,1
DA:279,5
LF:61
LH:38
end_of_record
SF:lib\src\models\user.dart
DA:10,3
DA:40,0
DA:43,0
DA:45,1
DA:46,7
LF:5
LH:3
end_of_record
